2025-07-29T08:46:32.998Z [INFO]: Purchase Done MemberId:
2025-07-29T08:48:46.734Z [INFO]: Purchase Done MemberId:
2025-07-29T08:50:57.865Z [INFO]: Purchase Done MemberId:
2025-07-29T09:02:23.629Z [INFO]: Purchase Done MemberId: 2
2025-07-29T09:12:49.362Z [INFO]: Purchase Done MemberId: 2
2025-07-29T09:29:32.877Z [INFO]: Purchase Done MemberId: 4
2025-07-29T09:33:42.226Z [INFO]: Purchase Done MemberId: 3430
2025-07-29T09:36:38.377Z [INFO]: Purchase Done MemberId: 3429
2025-07-29T09:39:00.332Z [INFO]: Purchase Done MemberId: 3428
2025-07-29T09:39:09.395Z [INFO]: Purchase Done MemberId: 3428
2025-07-29T09:39:19.037Z [INFO]: Purchase Done MemberId: 3428
2025-07-29T09:39:29.035Z [INFO]: Purchase Done MemberId: 3428
2025-07-29T09:39:38.598Z [INFO]: Purchase Done MemberId: 3428
2025-07-29T09:39:47.762Z [INFO]: Purchase Done MemberId: 3428
2025-07-29T09:39:57.009Z [INFO]: Purchase Done MemberId: 3428
2025-07-29T09:58:56.663Z [INFO]: user is not defined
2025-07-29T10:03:15.898Z [INFO]: Purchase Done MemberId: 3427
2025-07-29T10:05:35.173Z [INFO]: Purchase Done MemberId: 3426
2025-07-29T10:27:21.052Z [INFO]: Purchase Done MemberId: 1
2025-07-29T10:29:07.381Z [INFO]: Purchase Done MemberId: 3443
2025-07-29T10:36:44.063Z [INFO]: Purchase Done MemberId: 3444
2025-07-29T10:38:25.719Z [INFO]: Purchase Done MemberId: 3445
2025-07-29T10:41:16.178Z [INFO]: Purchase Done MemberId: 1634
2025-07-29T10:46:16.521Z [INFO]: Purchase Done MemberId: 3446
2025-07-29T10:46:35.862Z [INFO]: Purchase Done MemberId: 3447
2025-07-29T10:47:09.918Z [INFO]: Purchase Done MemberId: 3448
2025-07-29T11:09:21.820Z [INFO]: invoiceData is not defined
2025-07-29T11:09:23.091Z [INFO]: Purchase Done MemberId: 33
2025-07-29T11:09:23.111Z [INFO]: Subprocess exited with code 0
2025-07-29T11:15:13.743Z [INFO]: Error in background PV update: invoiceData is not defined
2025-07-29T11:15:13.770Z [INFO]: Subprocess exited with code 0
2025-07-29T11:19:06.994Z [INFO]: Purchase Done MemberId: 33
2025-07-29T11:19:07.023Z [INFO]: Subprocess exited with code 0
2025-07-29T11:30:15.165Z [INFO]: Purchase Done MemberId: 222
2025-07-29T11:30:15.182Z [INFO]: Subprocess exited with code 0
2025-07-29T11:32:11.644Z [INFO]: Purchase Done MemberId: 222
2025-07-29T11:32:11.673Z [INFO]: Subprocess exited with code 0
2025-07-29T11:38:17.357Z [INFO]: Purchase Done MemberId: 222
2025-07-29T11:38:17.395Z [INFO]: Subprocess exited with code 0
