2025-08-08T09:35:00.187Z [INFO]: ✅ Diamond members (sufficient repurchase) batch 1
2025-08-08T09:35:00.233Z [INFO]: ✅ Diamond members (sufficient repurchase) batch 2
2025-08-08T09:35:00.269Z [INFO]: ✅ Diamond members (sufficient repurchase) batch 3
2025-08-08T09:35:00.286Z [INFO]: ✅ Diamond members (sufficient repurchase) batch 4
2025-08-08T09:35:00.321Z [INFO]: ✅ Non-Diamond members (sufficient repurchase) batch 1
2025-08-08T09:35:00.357Z [INFO]: ✅ Non-Diamond members (sufficient repurchase) batch 2
2025-08-08T09:35:00.394Z [INFO]: ✅ Non-Diamond members (sufficient repurchase) batch 3
2025-08-08T09:35:00.411Z [INFO]: ✅ Non-Diamond members (sufficient repurchase) batch 4
2025-08-08T09:35:00.790Z [INFO]:  Upgrade wallet for Non-Diamond (sufficient repurchase) batch 1
2025-08-08T09:35:01.030Z [INFO]:  Upgrade wallet for Non-Diamond (sufficient repurchase) batch 2
2025-08-08T09:35:01.247Z [INFO]:  Upgrade wallet for Non-Diamond (sufficient repurchase) batch 3
2025-08-08T09:35:01.330Z [INFO]:  Upgrade wallet for Non-Diamond (sufficient repurchase) batch 4
2025-08-08T09:35:01.378Z [INFO]: Inserted Cashback: Diamond members (insufficient repurchase) batch 1
2025-08-08T09:35:01.462Z [INFO]: Inserted Cashback: Diamond members (insufficient repurchase) batch 2
2025-08-08T09:35:01.531Z [INFO]: Inserted Cashback: Diamond members (insufficient repurchase) batch 3
2025-08-08T09:35:01.562Z [INFO]: Inserted Cashback: Diamond members (insufficient repurchase) batch 4
2025-08-08T09:35:01.829Z [INFO]: Inserted Cashback: Upgrade wallet for Non-Diamond (insufficient repurchase) batch 1
2025-08-08T09:35:02.040Z [INFO]: Inserted Cashback: Upgrade wallet for Non-Diamond (insufficient repurchase) batch 2
2025-08-08T09:35:02.258Z [INFO]: Inserted Cashback: Upgrade wallet for Non-Diamond (insufficient repurchase) batch 3
2025-08-08T09:35:02.338Z [INFO]: Inserted Cashback: Upgrade wallet for Non-Diamond (insufficient repurchase) batch 4
2025-08-08T09:35:02.461Z [INFO]: Total updated records: 2000
2025-08-08T09:35:02.462Z [INFO]: ✅ Repurchase Payout Completed successfully at 1:00 AM on the 1st.
end
2025-08-08T09:48:00.234Z [INFO]: Total updated records: 2000
2025-08-08T09:48:00.236Z [INFO]: ✅ Repurchase Payout Completed successfully at 1:00 AM on the 1st.
