

2025-07-31T12:32:49.324Z [INFO]: Starting cashback calculation for member ID: 11
2025-07-31T12:32:49.326Z [INFO]: Calculated updatedAmount: 152
2025-07-31T12:32:49.326Z [INFO]: Calculated cashbackAmount: 152
2025-07-31T12:32:49.326Z [INFO]: Member is DIAMOND, incrementing repurchaseWalletBalance
2025-07-31T12:32:49.338Z [INFO]: Successfully updated member wallet balance for member ID: 11
2025-07-31T12:32:49.338Z [INFO]: Starting repurchase income distribution for member 11 with BV 8000.00
2025-07-31T12:32:49.344Z [INFO]: Level 1: Found sponsor 10 with percentage 100
2025-07-31T12:32:49.344Z [INFO]: Checking eligibility for member 10 in group 1
2025-07-31T12:32:49.345Z [INFO]: Group 1 members are always eligible
2025-07-31T12:32:49.345Z [INFO]: Sponsor 10 eligibility for group 1: true
2025-07-31T12:32:49.345Z [INFO]: Paying commission: base 800.00, actual 800.00 to sponsor 10
2025-07-31T12:32:49.353Z [INFO]: Added sponsor 10 as mentor candidate at level 1
2025-07-31T12:32:49.368Z [INFO]: Level 2: Found sponsor 9 with percentage 100
2025-07-31T12:32:49.368Z [INFO]: Checking eligibility for member 9 in group 1
2025-07-31T12:32:49.368Z [INFO]: Group 1 members are always eligible
2025-07-31T12:32:49.368Z [INFO]: Sponsor 9 eligibility for group 1: true
2025-07-31T12:32:49.368Z [INFO]: Paying commission: base 400.00, actual 400.00 to sponsor 9
2025-07-31T12:32:49.381Z [INFO]: Added sponsor 9 as mentor candidate at level 2
2025-07-31T12:32:49.385Z [INFO]: Level 4: Found sponsor 7 with percentage 100
2025-07-31T12:32:49.385Z [INFO]: Checking eligibility for member 7 in group 2
2025-07-31T12:32:49.387Z [INFO]: Member 7 has 3 direct referrals (min required: 3)
2025-07-31T12:32:49.387Z [INFO]: Member 7 eligibility (group 2) based on min direct referrals: true
2025-07-31T12:32:49.387Z [INFO]: Sponsor 7 eligibility for group 2: true
2025-07-31T12:32:49.387Z [INFO]: Paying commission: base 400.00, actual 400.00 to sponsor 7
issue
2025-07-31T12:32:49.408Z [INFO]: Level 10: Found sponsor 1 with percentage 100
2025-07-31T12:32:49.408Z [INFO]: Checking eligibility for member 1 in group 3
2025-07-31T12:32:49.410Z [INFO]: Member 1 has 0 direct referrals (min required: 3)
2025-07-31T12:32:49.413Z [INFO]: Member 1 does NOT have 3 qualified downlines
2025-07-31T12:32:49.413Z [INFO]: Member 1 eligibility (group 3): false
2025-07-31T12:32:49.413Z [INFO]: Sponsor 1 eligibility for group 3: false
2025-07-31T12:32:49.413Z [INFO]: Sponsor 1 is not eligible, no commission paid.
2025-07-31T12:32:49.413Z [INFO]: Completed distribution. Mentor candidates: 2

2025-07-31T12:32:49.413Z [INFO]: Distributing mentor income for 2 candidates
2025-07-31T12:32:49.413Z [INFO]: Checking mentor eligibility for member 10 at level 1
2025-07-31T12:32:49.414Z [INFO]: Level 1 mentor always eligible.
2025-07-31T12:32:49.414Z [INFO]: Paying mentor commission of 40.00 to sponsor 10 at level 1
2025-07-31T12:32:49.422Z [INFO]: Checking mentor eligibility for member 9 at level 2
2025-07-31T12:32:49.426Z [INFO]: Member 9 has 1 direct referrals (min required: 3)
2025-07-31T12:32:49.426Z [INFO]: Level 2 mentor eligibility for member 9: false
2025-07-31T12:32:49.426Z [INFO]: Sponsor 9 is not eligible at level 2, skipping commission
2025-07-31T13:07:26.947Z [INFO]: Purchase Done MemberId: 3
2025-07-31T13:07:26.981Z [INFO]: Subprocess exited with code 0
2025-07-31T13:07:26.984Z [INFO]: Subprocess closed. Code: 0, Signal: null
2025-07-31T13:08:50.001Z [INFO]: Starting cashback calculation for member ID: 11
2025-07-31T13:08:50.002Z [INFO]: Calculated updatedAmount: 152
2025-07-31T13:08:50.002Z [INFO]: Calculated cashbackAmount: 152
2025-07-31T13:08:50.002Z [INFO]: Member is DIAMOND, incrementing repurchaseWalletBalance
2025-07-31T13:08:50.014Z [INFO]: Successfully updated member wallet balance for member ID: 11
2025-07-31T13:08:50.014Z [INFO]: Starting repurchase income distribution for member 11 with BV 8000.00
2025-07-31T13:08:50.018Z [INFO]: Level 1: Found sponsor 10 with percentage 100
2025-07-31T13:08:50.018Z [INFO]: Checking eligibility for member 10 in group 1
2025-07-31T13:08:50.019Z [INFO]: Group 1 members are always eligible
2025-07-31T13:08:50.019Z [INFO]: Sponsor 10 eligibility for group 1: true
2025-07-31T13:08:50.019Z [INFO]: Paying commission: base 800.00, actual 800.00 to sponsor 10
2025-07-31T13:08:50.027Z [INFO]: Added sponsor 10 as mentor candidate at level 1
2025-07-31T13:08:50.029Z [INFO]: Level 2: Found sponsor 9 with percentage 100
2025-07-31T13:08:50.030Z [INFO]: Checking eligibility for member 9 in group 1
2025-07-31T13:08:50.030Z [INFO]: Group 1 members are always eligible
2025-07-31T13:08:50.030Z [INFO]: Sponsor 9 eligibility for group 1: true
2025-07-31T13:08:50.030Z [INFO]: Paying commission: base 400.00, actual 400.00 to sponsor 9
2025-07-31T13:08:50.036Z [INFO]: Added sponsor 9 as mentor candidate at level 2
2025-07-31T13:08:50.041Z [INFO]: Level 4: Found sponsor 7 with percentage 100
2025-07-31T13:08:50.042Z [INFO]: Checking eligibility for member 7 in group 2
2025-07-31T13:08:50.045Z [INFO]: Member 7 has 3 direct referrals (min required: 3)
2025-07-31T13:08:50.045Z [INFO]: Member 7 eligibility (group 2) based on min direct referrals: true
2025-07-31T13:08:50.045Z [INFO]: Sponsor 7 eligibility for group 2: true
2025-07-31T13:08:50.045Z [INFO]: Paying commission: base 400.00, actual 400.00 to sponsor 7
2025-07-31T13:08:50.060Z [INFO]: Level 8: Found sponsor 3 with percentage 100
2025-07-31T13:08:50.061Z [INFO]: Checking eligibility for member 3 in group 3
2025-07-31T13:08:50.063Z [INFO]: Member 3 has 3 direct referrals (min required: 3)
2025-07-31T13:08:50.066Z [INFO]: Direct referral 15 has 3 referrals
2025-07-31T13:08:50.067Z [INFO]: Direct referral 16 has 3 referrals
2025-07-31T13:08:50.068Z [INFO]: Direct referral 17 has 4 referrals
2025-07-31T13:08:50.068Z [INFO]: Member 3 has at least 3 qualified downlines
2025-07-31T13:08:50.068Z [INFO]: Member 3 eligibility (group 3): true
2025-07-31T13:08:50.069Z [INFO]: Sponsor 3 eligibility for group 3: true
2025-07-31T13:08:50.069Z [INFO]: Paying commission: base 1200.00, actual 1200.00 to sponsor 3
2025-07-31T13:08:50.078Z [INFO]: Level 10: Found sponsor 1 with percentage 100
2025-07-31T13:08:50.078Z [INFO]: Checking eligibility for member 1 in group 3
2025-07-31T13:08:50.080Z [INFO]: Member 1 has 0 direct referrals (min required: 3)
2025-07-31T13:08:50.081Z [INFO]: Member 1 does NOT have 3 qualified downlines
2025-07-31T13:08:50.081Z [INFO]: Member 1 eligibility (group 3): false
2025-07-31T13:08:50.081Z [INFO]: Sponsor 1 eligibility for group 3: false
2025-07-31T13:08:50.081Z [INFO]: Sponsor 1 is not eligible, no commission paid.
2025-07-31T13:08:50.081Z [INFO]: Completed distribution. Mentor candidates: 2
2025-07-31T13:08:50.082Z [INFO]: Distributing mentor income for 2 candidates
2025-07-31T13:08:50.082Z [INFO]: Checking mentor eligibility for member 10 at level 1
2025-07-31T13:08:50.082Z [INFO]: Level 1 mentor always eligible.
2025-07-31T13:08:50.082Z [INFO]: Paying mentor commission of 40.00 to sponsor 10 at level 1
2025-07-31T13:08:50.091Z [INFO]: Checking mentor eligibility for member 9 at level 2
2025-07-31T13:08:50.093Z [INFO]: Member 9 has 1 direct referrals (min required: 3)
2025-07-31T13:08:50.093Z [INFO]: Level 2 mentor eligibility for member 9: false
2025-07-31T13:08:50.093Z [INFO]: Sponsor 9 is not eligible at level 2, skipping commission
2025-07-31T13:20:44.294Z [INFO]: Starting cashback calculation for member ID: 11
2025-07-31T13:20:44.295Z [INFO]: Calculated updatedAmount: 17.5
2025-07-31T13:20:44.295Z [INFO]: Calculated cashbackAmount: 17.5
2025-07-31T13:20:44.295Z [INFO]: Member is DIAMOND, incrementing repurchaseWalletBalance
2025-07-31T13:20:44.304Z [INFO]: Successfully updated member wallet balance for member ID: 11
2025-07-31T13:20:44.304Z [INFO]: Starting repurchase income distribution for member 11 with BV 1000.00
2025-07-31T13:20:44.310Z [INFO]: Level 1: Found sponsor 10 with percentage 100
2025-07-31T13:20:44.310Z [INFO]: Checking eligibility for member 10 in group 1
2025-07-31T13:20:44.311Z [INFO]: Group 1 members are always eligible
2025-07-31T13:20:44.311Z [INFO]: Sponsor 10 eligibility for group 1: true
2025-07-31T13:20:44.311Z [INFO]: Paying commission: base 100.00, actual 100.00 to sponsor 10
2025-07-31T13:20:44.318Z [INFO]: Added sponsor 10 as mentor candidate at level 1
2025-07-31T13:20:44.320Z [INFO]: Level 2: Found sponsor 9 with percentage 100
2025-07-31T13:20:44.320Z [INFO]: Checking eligibility for member 9 in group 1
2025-07-31T13:20:44.320Z [INFO]: Group 1 members are always eligible
2025-07-31T13:20:44.320Z [INFO]: Sponsor 9 eligibility for group 1: true
2025-07-31T13:20:44.321Z [INFO]: Paying commission: base 50.00, actual 50.00 to sponsor 9
2025-07-31T13:20:44.330Z [INFO]: Added sponsor 9 as mentor candidate at level 2
2025-07-31T13:20:44.333Z [INFO]: Level 4: Found sponsor 7 with percentage 100
2025-07-31T13:20:44.333Z [INFO]: Checking eligibility for member 7 in group 2
2025-07-31T13:20:44.335Z [INFO]: Member 7 has 3 direct referrals (min required: 3)
2025-07-31T13:20:44.335Z [INFO]: Member 7 eligibility (group 2) based on min direct referrals: true
2025-07-31T13:20:44.335Z [INFO]: Sponsor 7 eligibility for group 2: true
2025-07-31T13:20:44.335Z [INFO]: Paying commission: base 50.00, actual 50.00 to sponsor 7
2025-07-31T13:20:44.349Z [INFO]: Level 8: Found sponsor 3 with percentage 100
2025-07-31T13:20:44.349Z [INFO]: Checking eligibility for member 3 in group 3
2025-07-31T13:20:44.351Z [INFO]: Member 3 has 3 direct referrals (min required: 3)
2025-07-31T13:20:44.353Z [INFO]: Direct referral 15 has 3 referrals
2025-07-31T13:20:44.356Z [INFO]: Direct referral 16 has 3 referrals
2025-07-31T13:20:44.359Z [INFO]: Direct referral 17 has 4 referrals
2025-07-31T13:20:44.359Z [INFO]: Member 3 has at least 3 qualified downlines
2025-07-31T13:20:44.359Z [INFO]: Member 3 eligibility (group 3): true
2025-07-31T13:20:44.359Z [INFO]: Sponsor 3 eligibility for group 3: true
2025-07-31T13:20:44.359Z [INFO]: Paying commission: base 150.00, actual 150.00 to sponsor 3
2025-07-31T13:20:44.370Z [INFO]: Level 10: Found sponsor 1 with percentage 100
2025-07-31T13:20:44.371Z [INFO]: Checking eligibility for member 1 in group 3
2025-07-31T13:20:44.373Z [INFO]: Member 1 has 0 direct referrals (min required: 3)
2025-07-31T13:20:44.376Z [INFO]: Member 1 does NOT have 3 qualified downlines
2025-07-31T13:20:44.377Z [INFO]: Member 1 eligibility (group 3): false
2025-07-31T13:20:44.377Z [INFO]: Sponsor 1 eligibility for group 3: false
2025-07-31T13:20:44.377Z [INFO]: Sponsor 1 is not eligible, no commission paid.
2025-07-31T13:20:44.377Z [INFO]: Completed distribution. Mentor candidates: 2
2025-07-31T13:20:44.377Z [INFO]: Distributing mentor income for 2 candidates
2025-07-31T13:20:44.377Z [INFO]: Checking mentor eligibility for member 10 at level 1
2025-07-31T13:20:44.377Z [INFO]: Level 1 mentor always eligible.
2025-07-31T13:20:44.377Z [INFO]: Paying mentor commission of 5.00 to sponsor 10 at level 1
2025-07-31T13:20:44.386Z [INFO]: Checking mentor eligibility for member 9 at level 2
2025-07-31T13:20:44.388Z [INFO]: Member 9 has 4 direct referrals (min required: 3)
2025-07-31T13:20:44.388Z [INFO]: Level 2 mentor eligibility for member 9: true
2025-07-31T13:20:44.388Z [INFO]: Paying mentor commission of 2.50 to sponsor 9 at level 2
2025-07-31T13:29:38.220Z [INFO]: Purchase Done MemberId: 8
2025-07-31T13:29:38.252Z [INFO]: Subprocess exited with code 0
2025-07-31T13:29:38.254Z [INFO]: Subprocess closed. Code: 0, Signal: null
2025-07-31T13:34:37.038Z [INFO]: Starting cashback calculation for member ID: 11
2025-07-31T13:34:37.039Z [INFO]: Calculated updatedAmount: 17.5
2025-07-31T13:34:37.040Z [INFO]: Calculated cashbackAmount: 17.5
2025-07-31T13:34:37.040Z [INFO]: Member is DIAMOND, incrementing repurchaseWalletBalance
2025-07-31T13:34:37.056Z [INFO]: Successfully updated member wallet balance for member ID: 11
2025-07-31T13:34:37.058Z [INFO]: Starting repurchase income distribution for member 11 with BV 1000.00
2025-07-31T13:34:37.062Z [INFO]: Level 1: Found sponsor 10 with percentage 100
2025-07-31T13:34:37.065Z [INFO]: Checking eligibility for member 10 in group 1
2025-07-31T13:34:37.065Z [INFO]: Group 1 members are always eligible
2025-07-31T13:34:37.065Z [INFO]: Sponsor 10 eligibility for group 1: true
2025-07-31T13:34:37.065Z [INFO]: Paying commission: base 100.00, actual 100.00 to sponsor 10
2025-07-31T13:34:37.078Z [INFO]: Added sponsor 10 as mentor candidate at level 1
2025-07-31T13:34:37.085Z [INFO]: Level 2: Found sponsor 9 with percentage 100
2025-07-31T13:34:37.086Z [INFO]: Checking eligibility for member 9 in group 1
2025-07-31T13:34:37.086Z [INFO]: Group 1 members are always eligible
2025-07-31T13:34:37.086Z [INFO]: Sponsor 9 eligibility for group 1: true
2025-07-31T13:34:37.087Z [INFO]: Paying commission: base 50.00, actual 50.00 to sponsor 9
2025-07-31T13:34:37.095Z [INFO]: Added sponsor 9 as mentor candidate at level 2
2025-07-31T13:34:37.103Z [INFO]: Level 3: Found sponsor 8 with percentage 100
2025-07-31T13:34:37.104Z [INFO]: Checking eligibility for member 8 in group 1
2025-07-31T13:34:37.108Z [INFO]: Group 1 members are always eligible
2025-07-31T13:34:37.108Z [INFO]: Sponsor 8 eligibility for group 1: true
2025-07-31T13:34:37.108Z [INFO]: Paying commission: base 100.00, actual 100.00 to sponsor 8
2025-07-31T13:34:37.115Z [INFO]: Added sponsor 8 as mentor candidate at level 3
2025-07-31T13:34:37.119Z [INFO]: Level 4: Found sponsor 7 with percentage 100
2025-07-31T13:34:37.120Z [INFO]: Checking eligibility for member 7 in group 2
2025-07-31T13:34:37.125Z [INFO]: Member 7 has 4 direct referrals (min required: 3)
2025-07-31T13:34:37.125Z [INFO]: Member 7 eligibility (group 2) based on min direct referrals: true
2025-07-31T13:34:37.126Z [INFO]: Sponsor 7 eligibility for group 2: true
2025-07-31T13:34:37.126Z [INFO]: Paying commission: base 50.00, actual 50.00 to sponsor 7
2025-07-31T13:34:37.134Z [INFO]: Level 5: Found sponsor 6 with percentage 100
2025-07-31T13:34:37.135Z [INFO]: Checking eligibility for member 6 in group 2
2025-07-31T13:34:37.137Z [INFO]: Member 6 has 1 direct referrals (min required: 3)
2025-07-31T13:34:37.138Z [INFO]: Member 6 eligibility (group 2) based on min direct referrals: false
2025-07-31T13:34:37.138Z [INFO]: Sponsor 6 eligibility for group 2: false
2025-07-31T13:34:37.138Z [INFO]: Sponsor 6 is not eligible, no commission paid.
2025-07-31T13:34:37.144Z [INFO]: Level 8: Found sponsor 3 with percentage 100
2025-07-31T13:34:37.144Z [INFO]: Checking eligibility for member 3 in group 3
2025-07-31T13:34:37.146Z [INFO]: Member 3 has 3 direct referrals (min required: 3)
2025-07-31T13:34:37.152Z [INFO]: Direct referral 15 has 3 referrals
2025-07-31T13:34:37.155Z [INFO]: Direct referral 16 has 3 referrals
2025-07-31T13:34:37.158Z [INFO]: Direct referral 17 has 4 referrals
2025-07-31T13:34:37.159Z [INFO]: Member 3 has at least 3 qualified downlines
2025-07-31T13:34:37.159Z [INFO]: Member 3 eligibility (group 3): true
2025-07-31T13:34:37.159Z [INFO]: Sponsor 3 eligibility for group 3: true
2025-07-31T13:34:37.159Z [INFO]: Paying commission: base 150.00, actual 150.00 to sponsor 3
2025-07-31T13:34:37.171Z [INFO]: Level 10: Found sponsor 1 with percentage 100
2025-07-31T13:34:37.171Z [INFO]: Checking eligibility for member 1 in group 3
2025-07-31T13:34:37.176Z [INFO]: Member 1 has 0 direct referrals (min required: 3)
2025-07-31T13:34:37.178Z [INFO]: Member 1 does NOT have 3 qualified downlines
2025-07-31T13:34:37.178Z [INFO]: Member 1 eligibility (group 3): false
2025-07-31T13:34:37.179Z [INFO]: Sponsor 1 eligibility for group 3: false
2025-07-31T13:34:37.179Z [INFO]: Sponsor 1 is not eligible, no commission paid.
2025-07-31T13:34:37.179Z [INFO]: Completed distribution. Mentor candidates: 3
2025-07-31T13:34:37.179Z [INFO]: Distributing mentor income for 3 candidates
2025-07-31T13:34:37.179Z [INFO]: Checking mentor eligibility for member 10 at level 1
2025-07-31T13:34:37.179Z [INFO]: Level 1 mentor always eligible.
2025-07-31T13:34:37.179Z [INFO]: Paying mentor commission of 5.00 to sponsor 10 at level 1
2025-07-31T13:34:37.195Z [INFO]: Checking mentor eligibility for member 9 at level 2
2025-07-31T13:34:37.197Z [INFO]: Member 9 has 4 direct referrals (min required: 3)
2025-07-31T13:34:37.197Z [INFO]: Level 2 mentor eligibility for member 9: true
2025-07-31T13:34:37.198Z [INFO]: Paying mentor commission of 2.50 to sponsor 9 at level 2
2025-07-31T13:34:37.208Z [INFO]: Checking mentor eligibility for member 8 at level 3
2025-07-31T13:34:37.211Z [INFO]: Member 8 has 4 direct referrals (min required: 3)
2025-07-31T13:34:37.215Z [INFO]: Direct referral 9 has 4 referrals
2025-07-31T13:34:37.218Z [INFO]: Direct referral 31 has 3 referrals
2025-07-31T13:34:37.221Z [INFO]: Direct referral 32 has 3 referrals
2025-07-31T13:34:37.221Z [INFO]: Member 8 has at least 3 qualified downlines
2025-07-31T13:34:37.221Z [INFO]: Level 3 mentor eligibility for member 8: true
2025-07-31T13:34:37.221Z [INFO]: Paying mentor commission of 10.00 to sponsor 8 at level 3
